\BOOKMARK [1][-]{section.1}{Ortus: Moving Forward}{}% 1
\BOOKMARK [1][-]{section.2}{Thoughts}{}% 2
\BOOKMARK [1][-]{section.3}{Multisensory integration and cross-modal learning in synaesthesia: A unifying model Newell2016}{}% 3
\BOOKMARK [1][-]{section.4}{Pyramidal neurons: dendritic structure and synaptic integration. Spruston2008}{}% 4
\BOOKMARK [1][-]{section.5}{Rate coding versus temporal order coding: what the retinal ganglion cells tell the visual cortex. VanRullen2001}{}% 5
\BOOKMARK [1][-]{section.6}{Synaptic diversity enables temporal coding of coincident multisensory inputs in single neurons. Chabrol2015}{}% 6
\BOOKMARK [1][-]{section.7}{Multimodal sensory integration in single cerebellar granule cells in vivo. Ishikawa2015}{}% 7
\BOOKMARK [1][-]{section.8}{Optimal Degrees of Synaptic Connectivity Litwin-Kumar2017}{}% 8
\BOOKMARK [1][-]{section.9}{Sensorimotor Representations in Cerebellar Granule Cells in Larval Zebrafish Are Dense, Spatially Organized, and Non-temporally Patterned Knogler2017}{}% 9
\BOOKMARK [1][-]{section.10}{Rate and Temporal Coding Convey Multisensory Information in Primary Sensory Cortices Bieler2017}{}% 10
\BOOKMARK [1][-]{section.11}{Multisensory Interactions Influence Neuronal Spike Train Dynamics in the Posterior Parietal Cortex VanGilder2016}{}% 11
\BOOKMARK [1][-]{section.12}{Timing Rules for Synaptic Plasticity Matched to Behavioral Function Suvrathan2016}{}% 12
\BOOKMARK [1][-]{section.13}{Homeostatic Plasticity of Subcellular Neuronal Structures: From Inputs to Outputs Wefelmeyer2016}{}% 13
\BOOKMARK [1][-]{section.14}{Mind the Gap Junctions: The Importance of Electrical Synapses to Visual Processing Demb2016}{}% 14
\BOOKMARK [1][-]{section.15}{Relational associative learning induces cross-modal plasticity in early visual cortex Headley2015}{}% 15
\BOOKMARK [1][-]{section.16}{Neuroscience: When perceptual learning occurs Sasaki2017}{}% 16
\BOOKMARK [1][-]{section.17}{Why Neurons Have Thousands of Synapses, a Theory of Sequence Memory in Neocortex Hawkins2016}{}% 17
\BOOKMARK [1][-]{section.18}{Integrating Hebbian and homeostatic plasticity : introduction Fox2017}{}% 18
\BOOKMARK [1][-]{section.19}{Homeostatic plasticity mechanisms in mouse V1 Kaneko2017}{}% 19
\BOOKMARK [1][-]{section.20}{Synaptic scaling rule preserves excitatory–inhibitory balance and salient neuronal network dynamics Barral2016}{}% 20
\BOOKMARK [1][-]{section.21}{Rapid Encoding of New Memories by Individual Neurons in the Human Brain Ison2015}{}% 21
\BOOKMARK [1][-]{section.22}{Functional and structural underpinnings of neuronal assembly formation in learning Holtmaat2016}{}% 22
\BOOKMARK [1][-]{section.23}{Mirror Neurons from Associative Learning Catmur2016}{}% 23
\BOOKMARK [1][-]{section.24}{Associative learning and sensory neuroplasticity: how does it happen and what is it good for? McGann2015}{}% 24
\BOOKMARK [1][-]{section.25}{Associative learning rapidly establishes neuronal representations of upcoming behavioral choices in crows. Veit2015}{}% 25
\BOOKMARK [1][-]{section.26}{Associative Learning Drives the Formation of Silent Synapses in Neuronal Ensembles of the Nucleus Accumbens Whitaker2015}{}% 26
\BOOKMARK [1][-]{section.27}{The neurobiology shaping affective touch: Expectation, motivation, and meaning in the multisensory context Ellingsen2016}{}% 27
