This is pdfTeX, Version 3.14159265-2.6-1.40.17 (TeX Live 2016) (preloaded format=pdflatex 2016.5.22)  16 APR 2017 00:49
entering extended mode
 restricted \write18 enabled.
 %&-line parsing enabled.
**example
(./example.tex
LaTeX2e <2016/03/31>
Babel <3.9r> and hyphenation patterns for 83 language(s) loaded.
(/usr/local/texlive/2016/texmf-dist/tex/latex/base/article.cls
Document Class: article 2014/09/29 v1.4h Standard LaTeX document class
(/usr/local/texlive/2016/texmf-dist/tex/latex/base/size10.clo
File: size10.clo 2014/09/29 v1.4h Standard LaTeX file (size option)
)
\c@part=\count79
\c@section=\count80
\c@subsection=\count81
\c@subsubsection=\count82
\c@paragraph=\count83
\c@subparagraph=\count84
\c@figure=\count85
\c@table=\count86
\abovecaptionskip=\skip41
\belowcaptionskip=\skip42
\bibindent=\dimen102
)
(/usr/local/texlive/2016/texmf-dist/tex/latex/natbib/natbib.sty
Package: natbib 2010/09/13 8.31b (PWD, AO)
\bibhang=\skip43
\bibsep=\skip44
LaTeX Info: Redefining \cite on input line 694.
\c@NAT@ctr=\count87
)
(./alifeconf.sty
Conference Style for ALIFE
(/usr/local/texlive/2016/texmf-dist/tex/latex/psnfss/times.sty
Package: times 2005/04/12 PSNFSS-v9.2a (SPQR) 
)
(/usr/local/texlive/2016/texmf-dist/tex/latex/graphics/graphicx.sty
Package: graphicx 2014/10/28 v1.0g Enhanced LaTeX Graphics (DPC,SPQR)

(/usr/local/texlive/2016/texmf-dist/tex/latex/graphics/keyval.sty
Package: keyval 2014/10/28 v1.15 key=value parser (DPC)
\KV@toks@=\toks14
)
(/usr/local/texlive/2016/texmf-dist/tex/latex/graphics/graphics.sty
Package: graphics 2016/05/09 v1.0r Standard LaTeX Graphics (DPC,SPQR)

(/usr/local/texlive/2016/texmf-dist/tex/latex/graphics/trig.sty
Package: trig 2016/01/03 v1.10 sin cos tan (DPC)
)
(/usr/local/texlive/2016/texmf-dist/tex/latex/graphics-cfg/graphics.cfg
File: graphics.cfg 2016/01/02 v1.10 sample graphics configuration
)
Package graphics Info: Driver file: pdftex.def on input line 96.

(/usr/local/texlive/2016/texmf-dist/tex/latex/pdftex-def/pdftex.def
File: pdftex.def 2011/05/27 v0.06d Graphics/color for pdfTeX

(/usr/local/texlive/2016/texmf-dist/tex/generic/oberdiek/infwarerr.sty
Package: infwarerr 2016/05/16 v1.4 Providing info/warning/error messages (HO)
)
(/usr/local/texlive/2016/texmf-dist/tex/generic/oberdiek/ltxcmds.sty
Package: ltxcmds 2016/05/16 v1.23 LaTeX kernel commands for general use (HO)
)
\Gread@gobject=\count88
))
\Gin@req@height=\dimen103
\Gin@req@width=\dimen104
)
LaTeX Font Info:    Redeclaring symbol font `largesymbols' on input line 85.
LaTeX Font Info:    Overwriting symbol font `largesymbols' in version `normal'
(Font)                  OMX/cmex/m/n --> OMX/cmex/m/n on input line 85.
LaTeX Font Info:    Overwriting symbol font `largesymbols' in version `bold'
(Font)                  OMX/cmex/m/n --> OMX/cmex/m/n on input line 85.
\titlebox=\skip45
)
(./example.aux)
\openout1 = `example.aux'.

LaTeX Font Info:    Checking defaults for OML/cmm/m/it on input line 71.
LaTeX Font Info:    ... okay on input line 71.
LaTeX Font Info:    Checking defaults for T1/cmr/m/n on input line 71.
LaTeX Font Info:    ... okay on input line 71.
LaTeX Font Info:    Checking defaults for OT1/cmr/m/n on input line 71.
LaTeX Font Info:    ... okay on input line 71.
LaTeX Font Info:    Checking defaults for OMS/cmsy/m/n on input line 71.
LaTeX Font Info:    ... okay on input line 71.
LaTeX Font Info:    Checking defaults for OMX/cmex/m/n on input line 71.
LaTeX Font Info:    ... okay on input line 71.
LaTeX Font Info:    Checking defaults for U/cmr/m/n on input line 71.
LaTeX Font Info:    ... okay on input line 71.
LaTeX Font Info:    Try loading font information for OT1+ptm on input line 71.
 (/usr/local/texlive/2016/texmf-dist/tex/latex/psnfss/ot1ptm.fd
File: ot1ptm.fd 2001/06/04 font definitions for OT1/ptm.
) (/usr/local/texlive/2016/texmf-dist/tex/context/base/mkii/supp-pdf.mkii
[Loading MPS to PDF converter (version 2006.09.02).]
\scratchcounter=\count89
\scratchdimen=\dimen105
\scratchbox=\box26
\nofMPsegments=\count90
\nofMParguments=\count91
\everyMPshowfont=\toks15
\MPscratchCnt=\count92
\MPscratchDim=\dimen106
\MPnumerator=\count93
\makeMPintoPDFobject=\count94
\everyMPtoPDFconversion=\toks16
) (/usr/local/texlive/2016/texmf-dist/tex/generic/oberdiek/pdftexcmds.sty
Package: pdftexcmds 2016/05/10 v0.21 Utility functions of pdfTeX for LuaTeX (HO
)

(/usr/local/texlive/2016/texmf-dist/tex/generic/oberdiek/ifluatex.sty
Package: ifluatex 2016/05/16 v1.4 Provides the ifluatex switch (HO)
Package ifluatex Info: LuaTeX not detected.
)
(/usr/local/texlive/2016/texmf-dist/tex/generic/oberdiek/ifpdf.sty
Package: ifpdf 2016/05/14 v3.1 Provides the ifpdf switch
)
Package pdftexcmds Info: LuaTeX not detected.
Package pdftexcmds Info: \pdf@primitive is available.
Package pdftexcmds Info: \pdf@ifprimitive is available.
Package pdftexcmds Info: \pdfdraftmode found.
)
(/usr/local/texlive/2016/texmf-dist/tex/latex/oberdiek/epstopdf-base.sty
Package: epstopdf-base 2016/05/15 v2.6 Base part for package epstopdf

(/usr/local/texlive/2016/texmf-dist/tex/latex/oberdiek/grfext.sty
Package: grfext 2016/05/16 v1.2 Manage graphics extensions (HO)

(/usr/local/texlive/2016/texmf-dist/tex/generic/oberdiek/kvdefinekeys.sty
Package: kvdefinekeys 2016/05/16 v1.4 Define keys (HO)
))
(/usr/local/texlive/2016/texmf-dist/tex/latex/oberdiek/kvoptions.sty
Package: kvoptions 2016/05/16 v3.12 Key value format for package options (HO)

(/usr/local/texlive/2016/texmf-dist/tex/generic/oberdiek/kvsetkeys.sty
Package: kvsetkeys 2016/05/16 v1.17 Key value parser (HO)

(/usr/local/texlive/2016/texmf-dist/tex/generic/oberdiek/etexcmds.sty
Package: etexcmds 2016/05/16 v1.6 Avoid name clashes with e-TeX commands (HO)
Package etexcmds Info: Could not find \expanded.
(etexcmds)             That can mean that you are not using pdfTeX 1.50 or
(etexcmds)             that some package has redefined \expanded.
(etexcmds)             In the latter case, load this package earlier.
)))
Package grfext Info: Graphics extension search list:
(grfext)             [.png,.pdf,.jpg,.mps,.jpeg,.jbig2,.jb2,.PNG,.PDF,.JPG,.JPE
G,.JBIG2,.JB2,.eps]
(grfext)             \AppendGraphicsExtensions on input line 456.

(/usr/local/texlive/2016/texmf-dist/tex/latex/latexconfig/epstopdf-sys.cfg
File: epstopdf-sys.cfg 2010/07/13 v1.3 Configuration of (r)epstopdf for TeX Liv
e
))
LaTeX Font Info:    Font shape `OT1/ptm/bx/n' in size <14.4> not available
(Font)              Font shape `OT1/ptm/b/n' tried instead on input line 72.
LaTeX Font Info:    External font `cmex10' loaded for size
(Font)              <7> on input line 72.
LaTeX Font Info:    External font `cmex10' loaded for size
(Font)              <5> on input line 72.
LaTeX Font Info:    External font `cmex10' loaded for size
(Font)              <12> on input line 72.
LaTeX Font Info:    External font `cmex10' loaded for size
(Font)              <8> on input line 72.
LaTeX Font Info:    External font `cmex10' loaded for size
(Font)              <6> on input line 72.
LaTeX Font Info:    Font shape `OT1/ptm/bx/n' in size <10> not available
(Font)              Font shape `OT1/ptm/b/n' tried instead on input line 74.
LaTeX Font Info:    Font shape `OT1/ptm/bx/n' in size <12> not available
(Font)              Font shape `OT1/ptm/b/n' tried instead on input line 90.

[1{/usr/local/texlive/2016/texmf-var/fonts/map/pdftex/updmap/pdftex.map}



]
Package epstopdf Info: Source file: <fig1.eps>
(epstopdf)                    date: 2014-11-14 09:05:18
(epstopdf)                    size: 12513 bytes
(epstopdf)             Output file: <fig1-eps-converted-to.pdf>
(epstopdf)                    date: 2017-04-16 00:48:43
(epstopdf)                    size: 6730 bytes
(epstopdf)             Command: <repstopdf --outfile=fig1-eps-converted-to.pdf 
fig1.eps>
(epstopdf)             \includegraphics on input line 232.
Package epstopdf Info: Output file is already uptodate.

<fig1-eps-converted-to.pdf, id=12, 315.1775pt x 386.44376pt>
File: fig1-eps-converted-to.pdf Graphic file (type pdf)

<use fig1-eps-converted-to.pdf>
Package pdftex.def Info: fig1-eps-converted-to.pdf used on input line 232.
(pdftex.def)             Requested size: 151.76744pt x 186.08646pt.
 [2 <./fig1-eps-converted-to.pdf>]
LaTeX Font Info:    Try loading font information for OT1+pcr on input line 275.


(/usr/local/texlive/2016/texmf-dist/tex/latex/psnfss/ot1pcr.fd
File: ot1pcr.fd 2001/06/04 font definitions for OT1/pcr.
)
Package epstopdf Info: Source file: <fig2.eps>
(epstopdf)                    date: 2014-11-14 09:05:18
(epstopdf)                    size: 17746 bytes
(epstopdf)             Output file: <fig2-eps-converted-to.pdf>
(epstopdf)                    date: 2017-04-16 00:48:43
(epstopdf)                    size: 8551 bytes
(epstopdf)             Command: <repstopdf --outfile=fig2-eps-converted-to.pdf 
fig2.eps>
(epstopdf)             \includegraphics on input line 329.
Package epstopdf Info: Output file is already uptodate.

<fig2-eps-converted-to.pdf, id=25, 307.1475pt x 420.57124pt>
File: fig2-eps-converted-to.pdf Graphic file (type pdf)

<use fig2-eps-converted-to.pdf>
Package pdftex.def Info: fig2-eps-converted-to.pdf used on input line 329.
(pdftex.def)             Requested size: 166.2212pt x 227.60565pt.
LaTeX Font Info:    External font `cmex10' loaded for size
(Font)              <9> on input line 352.
 [3 <./fig2-eps-converted-to.pdf>]
Package epstopdf Info: Source file: <fig3.eps>
(epstopdf)                    date: 2014-11-14 09:05:18
(epstopdf)                    size: 70201 bytes
(epstopdf)             Output file: <fig3-eps-converted-to.pdf>
(epstopdf)                    date: 2017-04-16 00:48:43
(epstopdf)                    size: 28793 bytes
(epstopdf)             Command: <repstopdf --outfile=fig3-eps-converted-to.pdf 
fig3.eps>
(epstopdf)             \includegraphics on input line 404.
Package epstopdf Info: Output file is already uptodate.

<fig3-eps-converted-to.pdf, id=34, 303.1325pt x 405.515pt>
File: fig3-eps-converted-to.pdf Graphic file (type pdf)

<use fig3-eps-converted-to.pdf>
Package pdftex.def Info: fig3-eps-converted-to.pdf used on input line 404.
(pdftex.def)             Requested size: 162.6075pt x 217.52692pt.
Package epstopdf Info: Source file: <fig4.eps>
(epstopdf)                    date: 2014-11-14 09:05:18
(epstopdf)                    size: 69567 bytes
(epstopdf)             Output file: <fig4-eps-converted-to.pdf>
(epstopdf)                    date: 2017-04-16 00:48:44
(epstopdf)                    size: 28536 bytes
(epstopdf)             Command: <repstopdf --outfile=fig4-eps-converted-to.pdf 
fig4.eps>
(epstopdf)             \includegraphics on input line 426.
Package epstopdf Info: Output file is already uptodate.

<fig4-eps-converted-to.pdf, id=35, 303.1325pt x 405.515pt>
File: fig4-eps-converted-to.pdf Graphic file (type pdf)

<use fig4-eps-converted-to.pdf>
Package pdftex.def Info: fig4-eps-converted-to.pdf used on input line 426.
(pdftex.def)             Requested size: 162.6075pt x 217.52692pt.
Package epstopdf Info: Source file: <fig5.eps>
(epstopdf)                    date: 2014-11-14 09:05:18
(epstopdf)                    size: 16366 bytes
(epstopdf)             Output file: <fig5-eps-converted-to.pdf>
(epstopdf)                    date: 2017-04-16 00:48:44
(epstopdf)                    size: 5824 bytes
(epstopdf)             Command: <repstopdf --outfile=fig5-eps-converted-to.pdf 
fig5.eps>
(epstopdf)             \includegraphics on input line 442.
Package epstopdf Info: Output file is already uptodate.

<fig5-eps-converted-to.pdf, id=36, 282.05376pt x 394.47375pt>
File: fig5-eps-converted-to.pdf Graphic file (type pdf)

<use fig5-eps-converted-to.pdf>
Package pdftex.def Info: fig5-eps-converted-to.pdf used on input line 442.
(pdftex.def)             Requested size: 158.99377pt x 222.36644pt.

Underfull \vbox (badness 1043) has occurred while \output is active []

 [4 <./fig3-eps-converted-to.pdf> <./fig4-eps-converted-to.pdf>] (./example.bbl
) [5 <./fig5-eps-converted-to.pdf>] (./example.aux) ) 
Here is how much of TeX's memory you used:
 2041 strings out of 493014
 28493 string characters out of 6133351
 98548 words of memory out of 5000000
 5553 multiletter control sequences out of 15000+600000
 24481 words of font info for 49 fonts, out of 8000000 for 9000
 1142 hyphenation exceptions out of 8191
 37i,11n,23p,265b,262s stack positions out of 5000i,500n,10000p,200000b,80000s
{/usr/local/texlive/2016/t
exmf-dist/fonts/enc/dvips/base/8r.enc}</usr/local/texlive/2016/texmf-dist/fonts
/type1/public/amsfonts/cm/cmex10.pfb></usr/local/texlive/2016/texmf-dist/fonts/
type1/public/amsfonts/cm/cmmi10.pfb></usr/local/texlive/2016/texmf-dist/fonts/t
ype1/public/amsfonts/cm/cmmi5.pfb></usr/local/texlive/2016/texmf-dist/fonts/typ
e1/public/amsfonts/cm/cmmi7.pfb></usr/local/texlive/2016/texmf-dist/fonts/type1
/public/amsfonts/cm/cmmi8.pfb></usr/local/texlive/2016/texmf-dist/fonts/type1/p
ublic/amsfonts/cm/cmmi9.pfb></usr/local/texlive/2016/texmf-dist/fonts/type1/pub
lic/amsfonts/cm/cmr10.pfb></usr/local/texlive/2016/texmf-dist/fonts/type1/publi
c/amsfonts/cm/cmr6.pfb></usr/local/texlive/2016/texmf-dist/fonts/type1/public/a
msfonts/cm/cmr7.pfb></usr/local/texlive/2016/texmf-dist/fonts/type1/public/amsf
onts/cm/cmr8.pfb></usr/local/texlive/2016/texmf-dist/fonts/type1/public/amsfont
s/cm/cmsy10.pfb></usr/local/texlive/2016/texmf-dist/fonts/type1/public/amsfonts
/cm/cmsy7.pfb></usr/local/texlive/2016/texmf-dist/fonts/type1/urw/courier/ucrr8
a.pfb></usr/local/texlive/2016/texmf-dist/fonts/type1/urw/times/utmb8a.pfb></us
r/local/texlive/2016/texmf-dist/fonts/type1/urw/times/utmr8a.pfb></usr/local/te
xlive/2016/texmf-dist/fonts/type1/urw/times/utmri8a.pfb>
Output written on example.pdf (5 pages, 247653 bytes).
PDF statistics:
 100 PDF objects out of 1000 (max. 8388607)
 71 compressed objects within 1 object stream
 0 named destinations out of 1000 (max. 500000)
 26 words of extra memory for PDF output out of 10000 (max. 10000000)

