\BOOKMARK [1][-]{section.1}{Thoughts}{}% 1
\BOOKMARK [1][-]{section.2}{Genes and Such}{}% 2
\BOOKMARK [2][-]{subsection.2.1}{How Genes work}{section.2}% 3
\BOOKMARK [1][-]{section.3}{Parts of the Brain}{}% 4
\BOOKMARK [1][-]{section.4}{Neural reuse: a fundamental organizational principle of the brain. Anderson2010}{}% 5
\BOOKMARK [1][-]{section.5}{Functional roles of short-term synaptic plasticity with an emphasis on inhibition Anwar2017}{}% 6
\BOOKMARK [1][-]{section.6}{Emerging roles of astrocytes in neural circuit development. Clarke2013}{}% 7
\BOOKMARK [1][-]{section.7}{Synapse Formation in Developing Neural Circuits Colon-Ramos2009}{}% 8
\BOOKMARK [1][-]{section.8}{Astrocytes: Orchestrating synaptic plasticity? DePitta2016}{}% 9
\BOOKMARK [1][-]{section.9}{Two matrix metalloproteinase classes reciprocally regulate synaptogenesis Dear2015}{}% 10
\BOOKMARK [1][-]{section.10}{Neural circuits on a chip Hasan2016}{}% 11
\BOOKMARK [1][-]{section.11}{Understanding synaptogenesis and functional connectome in C. elegans by imaging technology Hong2016}{}% 12
\BOOKMARK [1][-]{section.12}{Single-Cell Memory Regulates a Neural Circuit for Sensory Behavior Kobayashi2016}{}% 13
\BOOKMARK [1][-]{section.13}{Neural circuit rewiring: insights from DD synapse remodeling. Kurup2016}{}% 14
\BOOKMARK [1][-]{section.14}{Rules for shaping neural connections in the developing brain Kutsarova2016}{}% 15
\BOOKMARK [1][-]{section.15}{Correlated Synaptic Inputs Drive Dendritic Calcium Amplification and Cooperative Plasticity during Clustered Synapse Development Lee2016}{}% 16
\BOOKMARK [1][-]{section.16}{Neuronal development: Signalling synaptogenesis Lewis2016}{}% 17
\BOOKMARK [1][-]{section.17}{Circuit Mechanisms of Sensorimotor Learning Makino2016}{}% 18
\BOOKMARK [1][-]{section.18}{Towards reverse engineering the brain: Modeling abstractions and simulation frameworks Nageswaran2010}{}% 19
\BOOKMARK [1][-]{section.19}{Biologically based neural circuit modelling for the study of fear learning and extinction Nair2016}{}% 20
\BOOKMARK [1][-]{section.20}{A feedback neural circuit for calibrating aversive memory strength Ozawa2016}{}% 21
\BOOKMARK [1][-]{section.21}{Neurotrophin regulation of neural circuit development and function Park2013}{}% 22
\BOOKMARK [1][-]{section.22}{Neural plasticity across the lifespan Power2016}{}% 23
\BOOKMARK [1][-]{section.23}{The Purkinje cell as a model of synaptogenesis and synaptic specificity Sasso??-Pognetto2016}{}% 24
\BOOKMARK [1][-]{section.24}{Synapse biology in the ?circuit-age'?paths toward molecular connectomics Schreiner2017}{}% 25
\BOOKMARK [1][-]{section.25}{Activity-Dependent Inhibitory Synaptogenesis in Cerebellar Cultures Seil2016}{}% 26
\BOOKMARK [1][-]{section.26}{Theoretical Models of Neural Circuit Development Simpson2009}{}% 27
\BOOKMARK [1][-]{section.27}{The development of cortical circuits for motion discrimination. Smith2015}{}% 28
\BOOKMARK [1][-]{section.28}{The interplay between neurons and glia in synapse development and plasticity Stogsdill2017}{}% 29
\BOOKMARK [1][-]{section.29}{Timing Rules for Synaptic Plasticity Matched to Behavioral Function Suvrathan2016}{}% 30
\BOOKMARK [1][-]{section.30}{Neural plasticity and behavior ??? sixty years of conceptual advances Sweatt2016}{}% 31
\BOOKMARK [1][-]{section.31}{Homeostatic Plasticity of Subcellular Neuronal Structures: From Inputs to Outputs Wefelmeyer2016}{}% 32
\BOOKMARK [1][-]{section.32}{Mechanisms of Neural Circuit Formation Weiner2015}{}% 33
\BOOKMARK [2][-]{subsection.32.1}{Introduction to mechanisms of neural circuit formation}{section.32}% 34
\BOOKMARK [2][-]{subsection.32.2}{Wired for Behaviors: from development to function of innate limbic system circuitry, 2012}{section.32}% 35
\BOOKMARK [2][-]{subsection.32.3}{Protocadherins, not prototypical: a complex tale of their interactions, expression, and functions}{section.32}% 36
\BOOKMARK [1][-]{section.33}{Synaptogenesis: A synaptic bridge Yates2016}{}% 37
